make.exe all --print-data-base --no-builtin-variables --no-builtin-rules --question
'\\ds.leeds.ac.uk\staff\staff9\phydlb\Programming\PYTHON\SMP-lab-documentation'
CMD.EXE was started with the above path as the current directory.
UNC paths are not supported.  Defaulting to Windows directory.

make: *** No rule to make target 'all'.  Stop.

# GNU Make 4.3
# Built for Windows32
# Copyright (C) 1988-2020 Free Software Foundation, Inc.
# License GPLv3+: GNU GPL version 3 or later <http://gnu.org/licenses/gpl.html>
# This is free software: you are free to change and redistribute it.
# There is NO WARRANTY, to the extent permitted by law.

# Make data base, printed on Fri Oct 14 11:48:54 2022

# Variables

# environment
SYSTEMDRIVE = C:
# environment
JAVA_HOME = C:\Program Files\Amazon Corretto\jdk1.8.0_212
# environment
LC_ALL = C
# environment
USERPROFILE = C:\Users\phydlb
# environment
LOCALAPPDATA = C:\Users\phydlb\AppData\Local
# environment
VSCODE_CWD = \\ds.leeds.ac.uk\staff\staff9\phydlb\Programming\PYTHON\SMP-lab-documentation
# environment
CHOCOLATEYINSTALL = C:\ProgramData\chocolatey
# environment
SYSTEMROOT = C:\WINDOWS
# environment
PROCESSOR_LEVEL = 6
# environment
PSMODULEPATH = C:\Program Files\WindowsPowerShell\Modules;C:\WINDOWS\system32\WindowsPowerShell\v1.0\Modules;C:\Program Files\Thycotic\Powershell\
# default
MAKE_COMMAND := C:/ProgramData/chocolatey/lib/make/tools/install/bin/make.exe
# environment
USERDNSDOMAIN = DS.LEEDS.AC.UK
# automatic
@D = $(patsubst %/,%,$(patsubst %\,%,$(dir $@)))
# environment
CHROME_CRASHPAD_PIPE_NAME = \\.\pipe\crashpad_1464_TDHFJQCLQCFAOMUJ
# environment
ONEDRIVECOMMERCIAL = C:\Users\phydlb\OneDrive - University of Leeds
# environment
VSCODE_HANDLES_UNCAUGHT_ERRORS = true
# default
.VARIABLES := 
# automatic
%D = $(patsubst %/,%,$(patsubst %\,%,$(dir $%)))
# automatic
^D = $(patsubst %/,%,$(patsubst %\,%,$(dir $^)))
# automatic
%F = $(notdir $%)
# environment
VSCODE_CODE_CACHE_PATH = C:\Users\phydlb\AppData\Roaming\Code\CachedData\74b1f979648cc44d385a2286793c226e611f59e7
# environment
LANG = C
# default
.LOADED := 
# environment
TMP = C:\Users\phydlb\AppData\Local\Temp
# default
.INCLUDE_DIRS = .
# environment
IMAGETYPE = SCCM - BootMedia - UFD
# environment
PROCESSOR_ARCHITEW6432 = AMD64
# makefile
MAKEFLAGS = pqrR
# environment
ONEDRIVE = C:\Users\phydlb\OneDrive - University of Leeds
# environment
POWERSHELL_DISTRIBUTION_CHANNEL = MSI:Windows 10 Enterprise
# makefile
CURDIR := C:/Windows
# environment
APPLICATION_INSIGHTS_NO_DIAGNOSTIC_CHANNEL = 1
# environment
NLTK_DATA = C:\ProgramData\Anaconda3\nltk_data
# automatic
*D = $(patsubst %/,%,$(patsubst %\,%,$(dir $*)))
# environment
PROGRAMFILES = C:\Program Files (x86)
# environment
MFLAGS = -pqrR
# default
.SHELLFLAGS := -c
# environment
COMMONPROGRAMW6432 = C:\Program Files\Common Files
# automatic
+D = $(patsubst %/,%,$(patsubst %\,%,$(dir $+)))
# makefile
MAKEFILE_LIST := 
# automatic
@F = $(notdir $@)
# environment
IMAGETIER3 = Windows10_Upgrade_20H2
# environment
VSCODE_PID = 1464
# automatic
?D = $(patsubst %/,%,$(patsubst %\,%,$(dir $?)))
# environment
POSH_THEMES_PATH = C:\Users\phydlb\AppData\Local\Programs\oh-my-posh\themes
# automatic
*F = $(notdir $*)
# environment
AWRD_LICENSE_FILE = @awr-server1.leeds.ac.uk
# automatic
<D = $(patsubst %/,%,$(patsubst %\,%,$(dir $<)))
# environment
VSCODE_NLS_CONFIG = {"locale":"en-us","availableLanguages":{},"_languagePackSupport":true}
# default
MAKE_HOST := Windows32
# environment
PROGRAMDATA = C:\ProgramData
# default
SHELL := sh.exe
# environment
HOMEPATH = \
# default
MAKECMDGOALS := all
# environment
DRIVERDATA = C:\Windows\System32\Drivers\DriverData
# environment
COMSPEC = C:\WINDOWS\system32\cmd.exe
# environment
WINDIR = C:\WINDOWS
# environment
MAKELEVEL := 0
# default
MAKE = $(MAKE_COMMAND)
# environment
PATH = C:\Program Files\ImageMagick-7.1.0-Q16-HDRI;C:\Program Files\Amazon Corretto\jdk1.8.0_212\bin;C:\Program Files (x86)\Amazon Corretto\jdk1.8.0_212\bin;C:\WINDOWS\system32;C:\WINDOWS;C:\WINDOWS\System32\Wbem;C:\WINDOWS\System32\OpenSSH\;C:\Program Files\MATLAB\R2019a\runtime\win64;C:\Program Files\MATLAB\R2019a\bin;C:\Program Files\Microsoft VS Code\bin;C:\Program Files\Pandoc\;C:\Program Files\MiKTeX\miktex\bin\x64\;C:\ProgramData\chocolatey\bin;C:\Program Files\dotnet\;C:\Program Files\Neovim\/bin;%NVM_HOME%;%NVM_SYMLINK%;C:\Program Files\CMake\bin;C:\Program Files\LLVM\bin;C:\Program Files\Git\cmd;C:\Program Files\PowerShell\7\;C:\Program Files (x86)\IVI Foundation\VISA\WinNT\Bin\;C:\Program Files\IVI Foundation\VISA\Win64\Bin\;C:\Program Files (x86)\IVI Foundation\VISA\WinNT\Bin;C:\Users\phydlb\.cargo\bin;C:\Users\phydlb\scoop\shims;C:\Users\phydlb\AppData\Local\Microsoft\WindowsApps;C:\Users\phydlb\AppData\Local\Programs\Git\cmd;C:\msys64\mingw64\bin;C:\Users\phydlb\AppData\Local\Programs\oh-my-posh\bin;C:\Users\phydlb\.dotnet\tools;C:\Users\phydlb\.rustup\toolchains;C:\Program Files\Neovim\bin;C:\Users\phydlb\AppData\Roaming\nvm;C:\Program Files\nodejs;C:\neovide\target\release;C:\Users\phydlb\AppData\Local\Programs\Julia-1.8.0\bin;C:\Users\phydlb\AppData\Roaming\Python\Python39\Scripts;C:\Program Files\SVG2PNG;
# environment
ZES_ENABLE_SYSMAN = 1
# environment
COMPUTERNAME = UOL-PC-052023
# environment
IMAGETIER1 = CAP 210330 10.0.18362
# default
MAKEFILES := 
# automatic
^F = $(notdir $^)
# environment
NIEXTCCOMPILERSUPP = C:\Program Files (x86)\National Instruments\Shared\ExternalCompilerSupport\C\
# environment
PROMPT = $P$G
# environment
CHOCOLATEYLASTPATHUPDATE = 133032102239074438
# environment
VXIPNPPATH64 = C:\Program Files\IVI Foundation\VISA\
# environment
LOGONSERVER = \\ADC02
# environment
USERNAME = phydlb
# environment
HOMESHARE = \\ds.leeds.ac.uk\staff\staff9\phydlb
# environment
COMMONPROGRAMFILES = C:\Program Files (x86)\Common Files
# automatic
?F = $(notdir $?)
# environment
PROGRAMW6432 = C:\Program Files
# environment
PATHEXT = .COM;.EXE;.BAT;.CMD;.VBS;.VBE;.JS;.JSE;.WSF;.WSH;.MSC
# automatic
+F = $(notdir $+)
# environment
ORIGINAL_XDG_CURRENT_DESKTOP = undefined
# environment
USERDOMAIN = DS
# 'override' directive
GNUMAKEFLAGS := 
# environment
OS = Windows_NT
# makefile
.DEFAULT_GOAL := 
# environment
NVM_HOME = C:\Users\phydlb\AppData\Roaming\nvm
# default
MAKE_VERSION := 4.3
# environment
PROGRAMFILES(X86) = C:\Program Files (x86)
# environment
UATDATA = C:\WINDOWS\CCM\UATData\D9F8C395-CAB8-491d-B8AC-179A1FE1BE77
# environment
USERDOMAIN_ROAMINGPROFILE = DS
# environment
NUMBER_OF_PROCESSORS = 12
# environment
PUBLIC = C:\Users\Public
# environment
ASL.LOG = Destination=file
# environment
PYTHONPATH = C:\ProgramData\Anaconda3\
# environment
APPDATA = C:\Users\phydlb\AppData\Roaming
# environment
HOMEDRIVE = M:
# environment
NVM_SYMLINK = C:\Program Files\nodejs
# environment
PROCESSOR_ARCHITECTURE = x86
# environment
SAPLOGON_INI_FILE = c:\windows\Saplogon.ini
# environment
VSCODE_AMD_ENTRYPOINT = vs/workbench/api/node/extensionHostProcess
# environment
VXIPNPPATH = C:\Program Files (x86)\IVI Foundation\VISA\
# environment
COMMONPROGRAMFILES(X86) = C:\Program Files (x86)\Common Files
# environment
IMAGETIER0 = LDS - DEP2104 x64 WIN10 (1909)
# environment
ELECTRON_RUN_AS_NODE = 1
# environment
TEMP = C:\Users\phydlb\AppData\Local\Temp
# environment
VSCODE_IPC_HOOK = \\.\pipe\bbd22e5ea974622f83ad5c4e4ed3592b-1.71.2-main-sock
# environment
IMAGETIER2 = Machine build with Office 2016
# default
.RECIPEPREFIX := 
# automatic
<F = $(notdir $<)
# default
SUFFIXES := 
# environment
ALLUSERSPROFILE = C:\ProgramData
# environment
SESSIONNAME = Console
# default
.FEATURES := target-specific order-only second-expansion else-if shortest-stem undefine oneshell nocomment grouped-target extra-prereqs archives jobserver output-sync load
# environment
PROCESSOR_REVISION = a701
# environment
DEFLOGDIR = C:\ProgramData\McAfee\Endpoint Security\Logs
# environment
CHOCOLATEYTOOLSLOCATION = C:\tools
# environment
PROCESSOR_IDENTIFIER = Intel64 Family 6 Model 167 Stepping 1, GenuineIntel
# variable set hash-table stats:
# Load=114/1024=11%, Rehash=0, Collisions=10/138=7%

# Pattern-specific Variable Values

# No pattern-specific variable values.

# Directories

# . (key C:/Windows, mtime 1642416770): 139 files, no impossibilities.

# 139 files, no impossibilities in 1 directories.

# Implicit Rules

# No implicit rules.

# Files

# Not a target:
Makefile:
#  Implicit rule search has been done.
#  File does not exist.
#  File has been updated.
#  Failed to be updated.

# Not a target:
.DEFAULT:
#  Implicit rule search has not been done.
#  Modification time never checked.
#  File has not been updated.

# Not a target:
all:
#  Command line target.
#  Implicit rule search has been done.
#  File does not exist.
#  File has not been updated.

# Not a target:
makefile:
#  Implicit rule search has been done.
#  File does not exist.
#  File has been updated.
#  Failed to be updated.

# Not a target:
makefile.mak:
#  Implicit rule search has been done.
#  File does not exist.
#  File has been updated.
#  Failed to be updated.

# Not a target:
GNUmakefile:
#  Implicit rule search has been done.
#  File does not exist.
#  File has been updated.
#  Failed to be updated.

# files hash-table stats:
# Load=7/1024=1%, Rehash=0, Collisions=0/16=0%
# VPATH Search Paths

# No 'vpath' search paths.

# No general ('VPATH' variable) search path.

# strcache buffers: 1 (0) / strings = 146 / storage = 1772 B / avg = 12 B
# current buf: size = 8174 B / used = 1772 B / count = 146 / avg = 12 B

# strcache performance: lookups = 149 / hit rate = 2%
# hash-table stats:
# Load=146/8192=2%, Rehash=0, Collisions=3/149=2%
# Finished Make data base on Fri Oct 14 11:48:54 2022

 
